2005.10.08 07:59 B C:\SU\CSE784\CODE\TestHarnessPrototype\Loader\bin\Debug\Loader.dll <-- ariene5 /CSE784/CODE/TestHarnessPrototype/Loader/bin/Debug Loader.dll
2005.10.08 07:59 B C:\SU\CSE784\CODE\TestHarnessPrototype\Loader\bin\Debug\Loader.pdb <-- ariene5 /CSE784/CODE/TestHarnessPrototype/Loader/bin/Debug Loader.pdb
2005.10.11 09:25 B C:\SU\CSE784\CODE\TestHarnessPrototype\Loader\bin\Debug\Loader.dll --> ftp.ecs.syr.edu /faculty/fawcett/handouts/CSE784/code/TestHarnessPrototype/Loader/bin/Debug Loader.dll
2005.10.11 09:25 B C:\SU\CSE784\CODE\TestHarnessPrototype\Loader\bin\Debug\Loader.pdb --> ftp.ecs.syr.edu /faculty/fawcett/handouts/CSE784/code/TestHarnessPrototype/Loader/bin/Debug Loader.pdb
2005.10.11 09:25 B C:\SU\CSE784\CODE\TestHarnessPrototype\Loader\bin\Debug\WS_FTP.LOG --> ftp.ecs.syr.edu /faculty/fawcett/handouts/CSE784/code/TestHarnessPrototype/Loader/bin/Debug WS_FTP.LOG
2005.10.11 09:28 B C:\SU\CSE784\CODE\TestHarnessPrototype\Loader\bin\Debug\Loader.dll --> ftp.ecs.syr.edu /faculty/fawcett/handouts/CSE681/code/TestHarnessPrototype/Loader/bin/Debug Loader.dll
2005.10.11 09:28 B C:\SU\CSE784\CODE\TestHarnessPrototype\Loader\bin\Debug\Loader.pdb --> ftp.ecs.syr.edu /faculty/fawcett/handouts/CSE681/code/TestHarnessPrototype/Loader/bin/Debug Loader.pdb
2005.10.11 09:28 B C:\SU\CSE784\CODE\TestHarnessPrototype\Loader\bin\Debug\WS_FTP.LOG --> ftp.ecs.syr.edu /faculty/fawcett/handouts/CSE681/code/TestHarnessPrototype/Loader/bin/Debug WS_FTP.LOG
2005.10.11 10:01 B C:\SU\CSE681\code\TestHarnessPrototype\Loader\bin\Debug\WS_FTP.LOG --> ftp.ecs.syr.edu /faculty/fawcett/handouts/CSE681/code/TestHarnessPrototype/Loader/bin/Debug WS_FTP.LOG
2005.10.11 10:11 B C:\SU\CSE681\code\TestHarnessPrototype\Loader\bin\Debug\WS_FTP.LOG --> ftp.ecs.syr.edu /faculty/fawcett/handouts/CSE784/code/TestHarnessPrototype/Loader/bin/Debug WS_FTP.LOG
2005.10.11 10:11 B C:\SU\CSE681\code\TestHarnessPrototype\Loader\bin\Debug\WS_FTP.LOG --> ftp.ecs.syr.edu /faculty/fawcett/handouts/CSE784/code/TestHarnessPrototype/Loader/bin/Debug WS_FTP.LOG
2005.10.12 13:19 B C:\SU\CSE681\code\TestHarnessPrototype\Loader\bin\Debug\WS_FTP.LOG --> ftp.ecs.syr.edu /faculty/fawcett/handouts/CSE681/code/TestHarnessPrototype/Loader/bin/Debug WS_FTP.LOG
2005.10.12 13:22 B C:\SU\CSE681\code\TestHarnessPrototype\Loader\bin\Debug\WS_FTP.LOG --> ftp.ecs.syr.edu /faculty/fawcett/handouts/CSE784/FinalProj2005_RepoTB/PrototypeCode/TestHarnessPrototype/Loader/bin/Debug WS_FTP.LOG
2005.10.17 12:31 B C:\SU\CSE681\code\TestHarnessPrototype\Loader\bin\Debug\Loader.dll --> ftp.ecs.syr.edu /faculty/fawcett/handouts/CSE681/code/TestHarnessPrototype/Loader/bin/Debug Loader.dll
2005.10.17 12:31 B C:\SU\CSE681\code\TestHarnessPrototype\Loader\bin\Debug\Loader.pdb --> ftp.ecs.syr.edu /faculty/fawcett/handouts/CSE681/code/TestHarnessPrototype/Loader/bin/Debug Loader.pdb
2005.10.17 12:31 B C:\SU\CSE681\code\TestHarnessPrototype\Loader\bin\Debug\WS_FTP.LOG --> ftp.ecs.syr.edu /faculty/fawcett/handouts/CSE681/code/TestHarnessPrototype/Loader/bin/Debug WS_FTP.LOG
2005.10.17 12:36 B C:\SU\CSE681\code\TestHarnessPrototype\Loader\bin\Debug\Loader.dll --> ftp.ecs.syr.edu /faculty/fawcett/handouts/CSE784/FinalProj2005_RepoTB/PrototypeCode/TestHarnessPrototype/Loader/bin/Debug Loader.dll
2005.10.17 12:36 B C:\SU\CSE681\code\TestHarnessPrototype\Loader\bin\Debug\Loader.pdb --> ftp.ecs.syr.edu /faculty/fawcett/handouts/CSE784/FinalProj2005_RepoTB/PrototypeCode/TestHarnessPrototype/Loader/bin/Debug Loader.pdb
2005.10.17 12:36 B C:\SU\CSE681\code\TestHarnessPrototype\Loader\bin\Debug\WS_FTP.LOG --> ftp.ecs.syr.edu /faculty/fawcett/handouts/CSE784/FinalProj2005_RepoTB/PrototypeCode/TestHarnessPrototype/Loader/bin/Debug WS_FTP.LOG
2005.10.17 14:48 B C:\SU\CSE681\code\TestHarnessPrototype\Loader\bin\Debug\WS_FTP.LOG --> ftp.ecs.syr.edu /faculty/fawcett/handouts/CSE681/code/TestHarnessPrototype/Loader/bin/Debug WS_FTP.LOG
2005.10.17 14:55 B C:\SU\CSE681\code\TestHarnessPrototype\Loader\bin\Debug\WS_FTP.LOG --> ftp.ecs.syr.edu /faculty/fawcett/handouts/CSE784/FinalProj2005_RepoTB/PrototypeCode/TestHarnessPrototype/Loader/bin/Debug WS_FTP.LOG
2005.11.07 10:03 B C:\SU\CSE681\code\TestHarnessPrototype\Loader\bin\Debug\WS_FTP.LOG --> ftp.ecs.syr.edu /faculty/fawcett/handouts/CSE681/code/TestHarnessPrototype/Loader/bin/Debug WS_FTP.LOG
2006.07.03 06:11 B C:\SU\CSE681\code\TestHarnessPrototype\Loader\bin\Debug\WS_FTP.LOG --> ftp.ecs.syr.edu /faculty/fawcett/handouts/CSE681/code/TestHarnessPrototype/Loader/bin/Debug WS_FTP.LOG
